\BOOKMARK [0][-]{chapter.1}{\376\377\000T\000o\000t\000a\000l\000-\000O\000p\000e\000r\000a\000t\000i\000n\000g\000-\000C\000h\000a\000r\000a\000c\000t\000e\000r\000i\000s\000t\000i\000c\000\040\000C\000u\000r\000v\000e\040\031\000s\000\040\000I\000m\000p\000l\000e\000m\000e\000n\000t\000a\000t\000i\000o\000n}{}% 1
\BOOKMARK [1][-]{section.1.1}{\376\377\000T\000O\000C\000\040\000c\000l\000a\000s\000s}{chapter.1}% 2
\BOOKMARK [2][-]{subsection.1.1.1}{\376\377\000A\000r\000e\000a}{section.1.1}% 3
\BOOKMARK [2][-]{subsection.1.1.2}{\376\377\000A\000r\000e\000a\000\040\000R\000a\000t\000i\000o}{section.1.1}% 4
\BOOKMARK [2][-]{subsection.1.1.3}{\376\377\000B\000a\000s\000e\000\040\000n\000u\000m\000b\000e\000r\000\040\000o\000f\000\040\000p\000o\000s\000i\000t\000i\000v\000e\000s}{section.1.1}% 5
\BOOKMARK [2][-]{subsection.1.1.4}{\376\377\000B\000a\000s\000e\000\040\000n\000u\000m\000b\000e\000r\000\040\000o\000f\000\040\000t\000r\000u\000e\000\040\000p\000o\000s\000i\000t\000v\000e\000\040\000p\000l\000u\000s\000\040\000f\000a\000l\000s\000e\000\040\000p\000o\000s\000i\000t\000i\000v\000e\000s}{section.1.1}% 6
\BOOKMARK [2][-]{subsection.1.1.5}{\376\377\000K\000i\000n\000d\000\040\000o\000f\000\040\000T\000O\000C\000\040\000c\000u\000r\000v\000e}{section.1.1}% 7
\BOOKMARK [2][-]{subsection.1.1.6}{\376\377\000I\000n\000d\000i\000c\000e\000s\000\040\000o\000f\000\040\000t\000h\000e\000\040\000s\000o\000r\000t\000e\000d\000\040\000r\000a\000n\000k}{section.1.1}% 8
\BOOKMARK [2][-]{subsection.1.1.7}{\376\377\000N\000u\000m\000b\000e\000r\000\040\000o\000f\000\040\000d\000a\000t\000a}{section.1.1}% 9
\BOOKMARK [2][-]{subsection.1.1.8}{\376\377\000N\000u\000m\000b\000e\000r\000\040\000o\000f\000\040\000p\000o\000s\000i\000t\000i\000v\000e\000\040\000i\000n\000s\000t\000a\000n\000c\000e\000s}{section.1.1}% 10
\BOOKMARK [2][-]{subsection.1.1.9}{\376\377\000N\000u\000m\000b\000e\000r\000\040\000o\000f\000\040\000t\000r\000u\000e\000\040\000p\000o\000s\000i\000t\000i\000v\000e\000s\000\040\000p\000l\000u\000s\000\040\000f\000a\000l\000s\000e\000\040\000p\000o\000s\000i\000t\000i\000v\000e\000s}{section.1.1}% 11
\BOOKMARK [2][-]{subsection.1.1.10}{\376\377\000P\000o\000s\000i\000t\000i\000v\000e\000-\000c\000l\000a\000s\000s\000\040\000d\000a\000t\000a\000\040\000p\000r\000o\000p\000o\000r\000t\000i\000o\000n}{section.1.1}% 12
\BOOKMARK [2][-]{subsection.1.1.11}{\376\377\000T\000h\000r\000e\000s\000h\000o\000l\000d\000s\000\040\000u\000s\000e\000d\000\040\000f\000o\000r\000\040\000t\000h\000e\000\040\000T\000O\000C\000\040\000c\000o\000m\000p\000u\000t\000a\000t\000i\000o\000n}{section.1.1}% 13
\BOOKMARK [2][-]{subsection.1.1.12}{\376\377\000A\000r\000r\000a\000y\000\040\000o\000f\000\040\000t\000r\000u\000e\000\040\000p\000o\000s\000i\000t\000i\000v\000e\000s\000\040\000p\000l\000u\000s\000\040\000f\000a\000l\000s\000e\000\040\000p\000o\000s\000t\000i\000v\000e\000s}{section.1.1}% 14
\BOOKMARK [2][-]{subsection.1.1.13}{\376\377\000A\000r\000r\000a\000y\000\040\000o\000f\000\040\000t\000r\000u\000e\000\040\000p\000o\000s\000i\000t\000i\000v\000e\000s}{section.1.1}% 15
\BOOKMARK [2][-]{subsection.1.1.14}{\376\377\000P\000r\000o\000b\000a\000b\000i\000l\000i\000t\000y\000\040\000d\000e\000n\000s\000i\000t\000y\000\040\000f\000u\000n\000c\000t\000i\000o\000n\000\040\000c\000o\000m\000p\000u\000t\000a\000t\000i\000o\000n}{section.1.1}% 16
\BOOKMARK [2][-]{subsection.1.1.15}{\376\377\000C\000o\000m\000p\000u\000t\000a\000t\000i\000o\000n\000\040\000o\000f\000\040\000t\000h\000e\000\040\000d\000i\000f\000f\000e\000r\000e\000n\000c\000e\000\040\000o\000f\000\040\000t\000w\000o\000\040\000T\000O\000C\000s}{section.1.1}% 17
\BOOKMARK [2][-]{subsection.1.1.16}{\376\377\000T\000O\000C\000\040\000n\000o\000r\000m\000a\000l\000i\000z\000a\000t\000i\000o\000n}{section.1.1}% 18
\BOOKMARK [2][-]{subsection.1.1.17}{\376\377\000P\000l\000o\000t\000t\000i\000n\000g\000\040\000t\000h\000e\000\040\000T\000O\000C\000\040\000c\000u\000r\000v\000e}{section.1.1}% 19
\BOOKMARK [2][-]{subsection.1.1.18}{\376\377\000C\000o\000m\000p\000u\000t\000e\000\040\000a\000\040\000p\000r\000o\000b\000a\000b\000i\000l\000i\000t\000y\000\040\000f\000r\000o\000m\000\040\000a\000\040\000r\000a\000n\000k\000\040\000v\000a\000l\000u\000e}{section.1.1}% 20
\BOOKMARK [2][-]{subsection.1.1.19}{\376\377\000I\000n\000c\000r\000e\000a\000s\000i\000n\000g\000\040\000t\000h\000e\000\040\000T\000O\000C\000\040\000d\000a\000t\000a\000\040\000b\000y\000\040\000i\000n\000t\000e\000r\000p\000o\000l\000a\000t\000i\000o\000n}{section.1.1}% 21
\BOOKMARK [2][-]{subsection.1.1.20}{\376\377\000V\000e\000c\000t\000o\000r\000\040\000r\000e\000p\000r\000e\000s\000e\000n\000t\000a\000t\000i\000o\000n\000\040\000o\000f\000\040\000a\000\040\000T\000O\000C}{section.1.1}% 22
\BOOKMARK [1][-]{section.1.2}{\376\377\000T\000O\000C\000D\000a\000t\000a\000\040\000c\000l\000a\000s\000s}{chapter.1}% 23
\BOOKMARK [2][-]{subsection.1.2.1}{\376\377\000P\000i\000x\000e\000l\000\040\000s\000i\000z\000e\000\040\000i\000n\000\040\000l\000a\000t\000i\000t\000u\000d\000e\000\040\000a\000n\000d\000\040\000l\000o\000n\000g\000i\000t\000u\000d\000e\000\040\000u\000n\000i\000t\000s}{section.1.2}% 24
\BOOKMARK [2][-]{subsection.1.2.2}{\376\377\000D\000i\000m\000e\000n\000s\000i\000o\000n\000s\000\040\000o\000f\000\040\000t\000h\000e\000\040\000r\000a\000s\000t\000e\000r\000\040\000i\000n\000\040\000l\000a\000t\000i\000t\000u\000d\000e\000\040\000a\000n\000d\000\040\000l\000o\000n\000g\000i\000t\000u\000d\000e\000\040\000u\000n\000i\000t\000s}{section.1.2}% 25
\BOOKMARK [2][-]{subsection.1.2.3}{\376\377\000B\000o\000u\000n\000d\000i\000n\000g\000\040\000b\000o\000x\000\040\000o\000f\000\040\000t\000h\000e\000\040\000r\000a\000s\000t\000e\000r\000\040\000i\000n\000\040\000l\000a\000t\000i\000t\000u\000d\000e\000\040\000a\000n\000d\000\040\000l\000o\000n\000g\000i\000t\000u\000d\000e\000\040\000u\000n\000i\000t\000s}{section.1.2}% 26
\BOOKMARK [2][-]{subsection.1.2.4}{\376\377\000N\000u\000m\000b\000e\000r\000\040\000o\000f\000\040\000r\000o\000w\000s\000\040\000a\000n\000d\000\040\000c\000o\000l\000s\000\040\000o\000f\000\040\000t\000h\000e\000\040\000r\000a\000s\000t\000e\000r}{section.1.2}% 27
\BOOKMARK [2][-]{subsection.1.2.5}{\376\377\000R\000a\000s\000t\000e\000r\000\040\000m\000a\000t\000r\000i\000x}{section.1.2}% 28
\BOOKMARK [2][-]{subsection.1.2.6}{\376\377\000R\000a\000s\000t\000e\000r\000\040\000f\000i\000l\000e}{section.1.2}% 29
\BOOKMARK [0][-]{section*.37}{\376\377\000I\000n\000d\000e\000x}{}% 30
